<?xml version="1.0" encoding="UTF-8"?>
<!-- Generated by org.testng.reporters.JUnitXMLReporter -->
<testsuite ignored="0" hostname="LWVQQAT051" failures="1" tests="1" name="Test" time="91.439" errors="0" timestamp="2024-07-09T03:58:21 CDT">
  <testcase classname="com.wm.guidedflow.gflowtestcases.BrowserstackPercyTest" name="blockNetworkRequestsValidation" time="84.506">
    <failure type="java.lang.ClassCastException" message="class org.openqa.selenium.remote.RemoteWebDriver$ByteBuddy$BQttEvwi$ByteBuddy$wcQy1PQP cannot be cast to class org.openqa.selenium.chrome.ChromeDriver (org.openqa.selenium.remote.RemoteWebDriver$ByteBuddy$BQttEvwi$ByteBuddy$wcQy1PQP is in unnamed module of loader net.bytebuddy.dynamic.loading.ByteArrayClassLoader @a2ddf26; org.openqa.selenium.chrome.ChromeDriver is in unnamed module of loader &amp;apos;app&amp;apos;)">
      <![CDATA[java.lang.ClassCastException: class org.openqa.selenium.remote.RemoteWebDriver$ByteBuddy$BQttEvwi$ByteBuddy$wcQy1PQP cannot be cast to class org.openqa.selenium.chrome.ChromeDriver (org.openqa.selenium.remote.RemoteWebDriver$ByteBuddy$BQttEvwi$ByteBuddy$wcQy1PQP is in unnamed module of loader net.bytebuddy.dynamic.loading.ByteArrayClassLoader @a2ddf26; org.openqa.selenium.chrome.ChromeDriver is in unnamed module of loader 'app')
at com.wm.guidedflow.gflowtestcases.BrowserstackPercyTest.blockAndUnblockNetworkUrl(BrowserstackPercyTest.java:105)
at com.wm.guidedflow.gflowtestcases.BrowserstackPercyTest.blockNetworkRequestsValidation(BrowserstackPercyTest.java:83)
at java.base/java.util.ArrayList.forEach(ArrayList.java:1597)
... Removed 29 stack frames]]>
    </failure>
  </testcase> <!-- blockNetworkRequestsValidation -->
</testsuite> <!-- Test -->
